Apr 19 16:01 : Invalid path in "state_file" at line 6: not an absolute path: home/samir/.mpd/mpdstate
Apr 19 16:02 : Invalid path in "state_file" at line 6: not an absolute path: home/samir/.mpd/mpdstate
Apr 19 16:04 : added /OK BAND-NASELI NA LJUBAV (Official Music Video).MP3
Apr 19 16:04 : added /mlaDJa & Big Time feat. Jovan Perisic & Aleksandar Olujic - Harmonika (OFFICIAL VIDEO).MP3
Apr 19 16:04 : added /ADIL - LJUBI ME PO SECANJU - TEKST.mp3
Apr 19 16:04 : added /Sean Paul - She Doesn't Mind [Official Music Video].mp3
Apr 19 16:04 : added /Adil - Laku noc (2012) Grand Diet Plus Festival (Live).MP3
Apr 19 16:04 : added /Celtic music.mp3
Apr 19 16:04 : added /Adil Maksutović - Sinovi tuge (Zvanični video) [HQ].MP3
Apr 19 16:04 : added /Seki Turkovic - Sedi malo za moj sto.MP3
Apr 19 16:04 : added /3.- Traveller - Shawn Lochalsh ''The Best of Celtic Music''.MP3
Apr 19 16:04 : added /Suavemente Pitbull featuring Nayer and Mohombi With Lyrics.mp3
Apr 19 16:04 : added /♫ DJ Elon Matana - Hits of 2012 Vol 6 ♫ __HD 1080p_ (Tracklist OffiCiaL).MP3
Apr 19 16:04 : added /Trile Feat. Sha - Brzi od metka (OFFICIAL HD VIDEO) 2011.mp3
Apr 19 16:04 : added /The Gael - Last of the Mohicans Theme (Dougie Maclean).mp3
Apr 19 16:04 : added /last of the mohicans - royal scots dragoon gaurds (the gael).MP3
Apr 19 16:04 : added /Mina Kostic & Igor X - Grudi od betona.MP3
Apr 19 16:04 : added /In Vivo - Moje Leto (ft. BoyanT).mp3
Apr 19 16:04 : added /Adil - Od usana do stopala 2011.mpg.mp3
Apr 19 16:04 : added /karolina goceva - vise se ne vracas.mp3
Apr 19 16:04 : added /Celtic Music - Prophecy.MP3
Apr 19 16:04 : added /Tony Ray feat. Gianna - Chica Loca (Official Music Video HD).MP3
Apr 19 16:04 : added /Neda_Ukraden_-_Najbolji_klub_u_gradu_(DEEJAY_SKY_REMIX_2012)_-_www.mp3arhiva.in.mp3
Apr 19 16:04 : added /Gusttavo Lima - Balada Boa (LETRA).mp3
Apr 19 16:04 : added /Maya - Leti Ptico Slobodno [Single 2012.].MP3
Apr 19 16:04 : added /Ivana Selakov - Moje ime je sreca.MP3
Apr 19 16:04 : added /GOCA TRZAN _ STOPERKA.MP3
Apr 19 16:04 : added /02 Firelands - The Best of Celtic Music.mp3
Apr 19 16:04 : added /Petar Mitic Gas do daske.mp3
Apr 19 16:04 : added /Denial Ahmetovic - Ljubi me po sjecanju.MP3
Apr 19 16:04 : added /Allexinno & Starchild - Senorita.mp3
Apr 19 16:04 : added /DJ Kinez mix.MP3
Apr 19 16:04 : added /Evening Star_ Arwen's Destiny.MP3
Apr 19 16:04 : added /Mike Candys & Evelyn feat. Patrick Miller - One Night In Ibiza (Dirty Club Mix).mp3
Apr 19 16:04 : added /Claydee - Mamacita Buena (Official Video).MP3
Apr 19 16:04 : added /GOCA TRZAN-STRASILO (OFFICIAL VIDEO).MP3
Apr 19 16:04 : added /Celtic Music - Legend.mp3
Apr 19 16:04 : added /Milan Mitrovic - Necu da me starost pita - www.domaci.de.mp3
Apr 19 16:04 : added /Gru feat. Ajs Nigrutin - I Dalje Me ele (Official Music Video).mp3
Apr 19 16:04 : added /Ana Bekuta - Imam jedan život (Sava Centar 22.02.2012.).MP3
Apr 19 16:04 : added /Far East Movement - Like A G6 ft. The Cataracs, DEV.MP3
Apr 19 16:04 : added /Alex Mica - Dalinda (Official Video).MP3
Apr 19 16:04 : added /Dado Polumenta - Ko zna gdje si [OFFICIAL HQ VIDEO _ SPOT].MP3
Apr 19 16:04 : added /♫ DJ Elon Matana - Hits of 2013 Vol 7 ♫ _HD 1080p_.MP3
Apr 19 16:04 : added /Morris - Boca Linda (Official Video).MP3
Apr 19 16:05 : updating /02 Firelands - The Best of Celtic Music.mp3
Apr 19 16:06 : updating /3.- Traveller - Shawn Lochalsh ''The Best of Celtic Music''.MP3
Apr 19 16:06 : updating /DJ Kinez mix.MP3
Apr 19 16:12 : player_thread: played "ADIL - LJUBI ME PO SECANJU - TEKST.mp3"
Apr 19 16:16 : player_thread: played "Adil - Od usana do stopala 2011.mpg.mp3"
Apr 19 16:20 : player_thread: played "Allexinno & Starchild - Senorita.mp3"
Apr 19 16:23 : player_thread: played "Ana Bekuta - Imam jedan život (Sava Centar 22.02.2012.).MP3"
Apr 19 16:27 : player_thread: played "Celtic Music - Legend.mp3"
Apr 19 16:36 : player_thread: played "Claydee - Mamacita Buena (Official Video).MP3"
Apr 19 16:41 : player_thread: played "Dado Polumenta - Ko zna gdje si [OFFICIAL HQ VIDEO _ SPOT].MP3"
Apr 19 16:43 : player_thread: played "Denial Ahmetovic - Ljubi me po sjecanju.MP3"
Apr 19 16:56 : player_thread: played "Evening Star_ Arwen's Destiny.MP3"
Apr 19 17:00 : player_thread: played "Evening Star_ Arwen's Destiny.MP3"
Apr 19 17:08 : player_thread: played "The Gael - Last of the Mohicans Theme (Dougie Maclean).mp3"
Apr 19 17:11 : player_thread: played "GOCA TRZAN _ STOPERKA.MP3"
Apr 19 17:15 : player_thread: played "GOCA TRZAN-STRASILO (OFFICIAL VIDEO).MP3"
Apr 19 17:19 : player_thread: played "Gru feat. Ajs Nigrutin - I Dalje Me ele (Official Music Video).mp3"
Apr 19 17:22 : player_thread: played "Gusttavo Lima - Balada Boa (LETRA).mp3"
Apr 19 17:26 : player_thread: played "In Vivo - Moje Leto (ft. BoyanT).mp3"
Apr 19 17:29 : player_thread: played "Ivana Selakov - Moje ime je sreca.MP3"
Apr 19 17:32 : player_thread: played "karolina goceva - vise se ne vracas.mp3"
Apr 19 17:38 : player_thread: played "last of the mohicans - royal scots dragoon gaurds (the gael).MP3"
Apr 19 17:43 : player_thread: played "Mike Candys & Evelyn feat. Patrick Miller - One Night In Ibiza (Dirty Club Mix).mp3"
Apr 19 18:08 : player_thread: played "Evening Star_ Arwen's Destiny.MP3"
Apr 19 21:14 : avahi: Client Disconnected, will reconnect shortly
Apr 19 21:14 : avahi: Could not reconnect: An unexpected D-Bus error occured
Apr 20 08:08 : player_thread: played "DJ Kinez mix.MP3"
Apr 20 08:12 : player_thread: played "Evening Star_ Arwen's Destiny.MP3"
Apr 20 08:16 : player_thread: played "Far East Movement - Like A G6 ft. The Cataracs, DEV.MP3"
Apr 20 08:20 : player_thread: played "The Gael - Last of the Mohicans Theme (Dougie Maclean).mp3"
Apr 20 08:23 : player_thread: played "GOCA TRZAN _ STOPERKA.MP3"
Apr 20 08:27 : player_thread: played "GOCA TRZAN-STRASILO (OFFICIAL VIDEO).MP3"
Apr 20 08:31 : player_thread: played "Gru feat. Ajs Nigrutin - I Dalje Me ele (Official Music Video).mp3"
Apr 20 08:34 : player_thread: played "Gusttavo Lima - Balada Boa (LETRA).mp3"
Apr 20 08:38 : player_thread: played "In Vivo - Moje Leto (ft. BoyanT).mp3"
Apr 20 08:41 : player_thread: played "Ivana Selakov - Moje ime je sreca.MP3"
Apr 20 08:45 : player_thread: played "karolina goceva - vise se ne vracas.mp3"
Apr 20 09:16 : avahi: Client Disconnected, will reconnect shortly
Apr 20 09:16 : avahi: Could not reconnect: An unexpected D-Bus error occured
Apr 20 11:45 : player_thread: played "DJ Kinez mix.MP3"
Apr 20 11:49 : player_thread: played "Evening Star_ Arwen's Destiny.MP3"
Apr 20 11:53 : player_thread: played "Far East Movement - Like A G6 ft. The Cataracs, DEV.MP3"
Apr 20 11:57 : player_thread: played "The Gael - Last of the Mohicans Theme (Dougie Maclean).mp3"
Apr 20 12:00 : player_thread: played "GOCA TRZAN _ STOPERKA.MP3"
Apr 20 12:04 : player_thread: played "GOCA TRZAN-STRASILO (OFFICIAL VIDEO).MP3"
Apr 20 12:08 : player_thread: played "Gru feat. Ajs Nigrutin - I Dalje Me ele (Official Music Video).mp3"
Apr 20 12:11 : player_thread: played "Gusttavo Lima - Balada Boa (LETRA).mp3"
Apr 20 12:15 : player_thread: played "In Vivo - Moje Leto (ft. BoyanT).mp3"
Apr 20 12:18 : player_thread: played "Ivana Selakov - Moje ime je sreca.MP3"
Apr 20 12:22 : player_thread: played "karolina goceva - vise se ne vracas.mp3"
Apr 20 12:22 : avahi: Client Disconnected, will reconnect shortly
Apr 20 12:22 : avahi: Could not reconnect: An unexpected D-Bus error occured
Apr 21 09:48 : avahi: Client Disconnected, will reconnect shortly
Apr 21 09:48 : avahi: Could not reconnect: An unexpected D-Bus error occured
Apr 21 13:54 : player_thread: played "Evening Star_ Arwen's Destiny.MP3"
Apr 21 13:58 : player_thread: played "Far East Movement - Like A G6 ft. The Cataracs, DEV.MP3"
Apr 21 14:02 : player_thread: played "The Gael - Last of the Mohicans Theme (Dougie Maclean).mp3"
Apr 21 14:05 : player_thread: played "GOCA TRZAN _ STOPERKA.MP3"
Apr 21 14:10 : player_thread: played "GOCA TRZAN-STRASILO (OFFICIAL VIDEO).MP3"
Apr 21 14:13 : player_thread: played "Gru feat. Ajs Nigrutin - I Dalje Me ele (Official Music Video).mp3"
Apr 21 14:17 : player_thread: played "Gusttavo Lima - Balada Boa (LETRA).mp3"
Apr 21 14:20 : player_thread: played "In Vivo - Moje Leto (ft. BoyanT).mp3"
Apr 21 14:24 : player_thread: played "Ivana Selakov - Moje ime je sreca.MP3"
Apr 21 14:27 : player_thread: played "karolina goceva - vise se ne vracas.mp3"
Apr 21 14:33 : player_thread: played "last of the mohicans - royal scots dragoon gaurds (the gael).MP3"
Apr 21 14:38 : player_thread: played "Mike Candys & Evelyn feat. Patrick Miller - One Night In Ibiza (Dirty Club Mix).mp3"
Apr 21 14:41 : player_thread: played "Maya - Leti Ptico Slobodno [Single 2012.].MP3"
Apr 21 14:45 : player_thread: played "Milan Mitrovic - Necu da me starost pita - www.domaci.de.mp3"
Apr 21 14:48 : player_thread: played "Mina Kostic & Igor X - Grudi od betona.MP3"
Apr 21 14:52 : player_thread: played "mlaDJa & Big Time feat. Jovan Perisic & Aleksandar Olujic - Harmonika (OFFICIAL VIDEO).MP3"
Apr 21 14:55 : player_thread: played "Morris - Boca Linda (Official Video).MP3"
Apr 21 15:01 : player_thread: played "Neda_Ukraden_-_Najbolji_klub_u_gradu_(DEEJAY_SKY_REMIX_2012)_-_www.mp3arhiva.in.mp3"
Apr 21 15:05 : player_thread: played "OK BAND-NASELI NA LJUBAV (Official Music Video).MP3"
Apr 21 15:08 : player_thread: played "Petar Mitic Gas do daske.mp3"
Apr 21 15:12 : player_thread: played "Sean Paul - She Doesn't Mind [Official Music Video].mp3"
Apr 21 15:16 : player_thread: played "Seki Turkovic - Sedi malo za moj sto.MP3"
Apr 21 15:20 : player_thread: played "Suavemente Pitbull featuring Nayer and Mohombi With Lyrics.mp3"
Apr 21 15:22 : avahi: Client Disconnected, will reconnect shortly
Apr 21 15:22 : avahi: Could not reconnect: An unexpected D-Bus error occured
Apr 21 19:20 : player_thread: played "Evening Star_ Arwen's Destiny.MP3"
Apr 21 19:23 : player_thread: played "Far East Movement - Like A G6 ft. The Cataracs, DEV.MP3"
Apr 21 19:28 : player_thread: played "The Gael - Last of the Mohicans Theme (Dougie Maclean).mp3"
Apr 21 19:31 : player_thread: played "GOCA TRZAN _ STOPERKA.MP3"
Apr 21 19:35 : player_thread: played "GOCA TRZAN-STRASILO (OFFICIAL VIDEO).MP3"
Apr 21 19:51 : player_thread: played "Evening Star_ Arwen's Destiny.MP3"
Apr 21 20:01 : player_thread: played "OK BAND-NASELI NA LJUBAV (Official Music Video).MP3"
Apr 21 20:04 : player_thread: played "Petar Mitic Gas do daske.mp3"
Apr 21 20:08 : player_thread: played "Sean Paul - She Doesn't Mind [Official Music Video].mp3"
Apr 21 20:12 : player_thread: played "Seki Turkovic - Sedi malo za moj sto.MP3"
